Using pre-set license
Built from '2022.3/staging' branch; Version is '2022.3.2f1 (d74737c6db50) revision 14108471'; Using compiler version '192829333'; Build Type 'Release'
OS: 'Windows 10  (10.0.19045) 64bit Professional' Language: 'en' Physical Memory: 16000 MB
BatchMode: 1, IsHumanControllingUs: 0, StartBugReporterOnCrash: 0, Is64bit: 1, IsPro: 1

COMMAND LINE ARGUMENTS:
C:\Program Files\Unity\Hub\Editor\2022.3.2f1\Editor\Unity.exe
-adb2
-batchMode
-noUpm
-name
AssetImportWorker0
-projectPath
C:/Users/midni/Documents/GitHub/Cosmic-Defense/new one
-logFile
Logs/AssetImportWorker0.log
-srvPort
53365
Successfully changed project path to: C:/Users/midni/Documents/GitHub/Cosmic-Defense/new one
C:/Users/midni/Documents/GitHub/Cosmic-Defense/new one
[UnityMemory] Configuration Parameters - Can be set up in boot.config
    "memorysetup-bucket-allocator-granularity=16"
    "memorysetup-bucket-allocator-bucket-count=8"
    "memorysetup-bucket-allocator-block-size=33554432"
    "memorysetup-bucket-allocator-block-count=8"
    "memorysetup-main-allocator-block-size=16777216"
    "memorysetup-thread-allocator-block-size=16777216"
    "memorysetup-gfx-main-allocator-block-size=16777216"
    "memorysetup-gfx-thread-allocator-block-size=16777216"
    "memorysetup-cache-allocator-block-size=4194304"
    "memorysetup-typetree-allocator-block-size=2097152"
    "memorysetup-profiler-bucket-allocator-granularity=16"
    "memorysetup-profiler-bucket-allocator-bucket-count=8"
    "memorysetup-profiler-bucket-allocator-block-size=33554432"
    "memorysetup-profiler-bucket-allocator-block-count=8"
    "memorysetup-profiler-allocator-block-size=16777216"
    "memorysetup-profiler-editor-allocator-block-size=1048576"
    "memorysetup-temp-allocator-size-main=16777216"
    "memorysetup-job-temp-allocator-block-size=2097152"
    "memorysetup-job-temp-allocator-block-size-background=1048576"
    "memorysetup-job-temp-allocator-reduction-small-platforms=262144"
    "memorysetup-allocator-temp-initial-block-size-main=262144"
    "memorysetup-allocator-temp-initial-block-size-worker=262144"
    "memorysetup-temp-allocator-size-background-worker=32768"
    "memorysetup-temp-allocator-size-job-worker=262144"
    "memorysetup-temp-allocator-size-preload-manager=33554432"
    "memorysetup-temp-allocator-size-nav-mesh-worker=65536"
    "memorysetup-temp-allocator-size-audio-worker=65536"
    "memorysetup-temp-allocator-size-cloud-worker=32768"
    "memorysetup-temp-allocator-size-gi-baking-worker=262144"
    "memorysetup-temp-allocator-size-gfx=262144"
Player connection [8860] Host "[IP] 192.168.232.6 [Port] 0 [Flags] 2 [Guid] 708970976 [EditorId] 708970976 [Version] 1048832 [Id] WindowsEditor(7,DESKTOP-23DMU85) [Debug] 1 [PackageName] WindowsEditor [ProjectName] Editor" joined multi-casting on [225.0.0.222:54997]...

Player connection [8860] Host "[IP] 192.168.232.6 [Port] 0 [Flags] 2 [Guid] 708970976 [EditorId] 708970976 [Version] 1048832 [Id] WindowsEditor(7,DESKTOP-23DMU85) [Debug] 1 [PackageName] WindowsEditor [ProjectName] Editor" joined alternative multi-casting on [225.0.0.222:34997]...

Refreshing native plugins compatible for Editor in 121.33 ms, found 3 plugins.
Preloading 0 native plugins for Editor in 0.00 ms.
Initialize engine version: 2022.3.2f1 (d74737c6db50)
[Subsystems] Discovering subsystems at path C:/Program Files/Unity/Hub/Editor/2022.3.2f1/Editor/Data/Resources/UnitySubsystems
[Subsystems] Discovering subsystems at path C:/Users/midni/Documents/GitHub/Cosmic-Defense/new one/Assets
GfxDevice: creating device client; threaded=0; jobified=0
Direct3D:
    Version:  Direct3D 11.0 [level 11.0]
    Renderer: NVIDIA GeForce 930MX (ID=0x134e)
    Vendor:   NVIDIA
    VRAM:     2010 MB
    Driver:   31.0.15.1654
Shader Hidden/ProbeVolume/VoxelizeScene is not supported: GPU does not support conservative rasterization
Initialize mono
Mono path[0] = 'C:/Program Files/Unity/Hub/Editor/2022.3.2f1/Editor/Data/Managed'
Mono path[1] = 'C:/Program Files/Unity/Hub/Editor/2022.3.2f1/Editor/Data/MonoBleedingEdge/lib/mono/unityjit-win32'
Mono config path = 'C:/Program Files/Unity/Hub/Editor/2022.3.2f1/Editor/Data/MonoBleedingEdge/etc'
Using monoOptions --debugger-agent=transport=dt_socket,embedding=1,server=y,suspend=n,address=127.0.0.1:56292
Begin MonoManager ReloadAssembly
Registering precompiled unity dll's ...
Register platform support module: C:/Program Files/Unity/Hub/Editor/2022.3.2f1/Editor/Data/PlaybackEngines/WebGLSupport/UnityEditor.WebGL.Extensions.dll
Register platform support module: C:/Program Files/Unity/Hub/Editor/2022.3.2f1/Editor/Data/PlaybackEngines/AndroidPlayer/UnityEditor.Android.Extensions.dll
Register platform support module: C:/Program Files/Unity/Hub/Editor/2022.3.2f1/Editor/Data/PlaybackEngines/WindowsStandaloneSupport/UnityEditor.WindowsStandalone.Extensions.dll
Registered in 0.061062 seconds.
- Loaded All Assemblies, in  2.055 seconds
Native extension for WindowsStandalone target not found
Native extension for Android target not found
Unauthorized device detected, Id: 079481528W006766, please add debug authorization and reconnect.
UnityEngine.StackTraceUtility:ExtractStackTrace ()
UnityEngine.DebugLogHandler:LogFormat (UnityEngine.LogType,UnityEngine.Object,string,object[])
UnityEngine.Logger:LogFormat (UnityEngine.LogType,string,object[])
UnityEngine.Debug:LogFormat (string,object[])
UnityEditor.Android.AndroidDeploymentTargetsExtension:GetKnownTargets (UnityEditor.DeploymentTargets.IDeploymentTargetsMainThreadContext,UnityEditor.ProgressHandler)
UnityEditor.Android.TargetScanWorker:ScanSync ()
UnityEditor.Android.TargetExtension:OnUsbDevicesChanged (UnityEditor.Hardware.UsbDevice[])
UnityEditor.Android.TargetExtension:OnLoad ()
UnityEditor.Modules.ModuleManager:InitializePlatformSupportModules ()

Android Extension - Scanning For ADB Devices 1416 ms
Native extension for WebGL target not found
Mono: successfully reloaded assembly
- Finished resetting the current domain, in  2.863 seconds
Domain Reload Profiling: 4909ms
	BeginReloadAssembly (434ms)
		ExecutionOrderSort (0ms)
		DisableScriptedObjects (0ms)
		BackupInstance (0ms)
		ReleaseScriptingObjects (0ms)
		CreateAndSetChildDomain (2ms)
	RebuildCommonClasses (205ms)
	RebuildNativeTypeToScriptingClass (60ms)
	initialDomainReloadingComplete (400ms)
	LoadAllAssembliesAndSetupDomain (945ms)
		LoadAssemblies (429ms)
		RebuildTransferFunctionScriptingTraits (0ms)
		AnalyzeDomain (883ms)
			TypeCache.Refresh (881ms)
				TypeCache.ScanAssembly (833ms)
			ScanForSourceGeneratedMonoScriptInfo (1ms)
			ResolveRequiredComponents (2ms)
	FinalizeReload (2864ms)
		ReleaseScriptCaches (0ms)
		RebuildScriptCaches (0ms)
		SetupLoadedEditorAssemblies (2624ms)
			LogAssemblyErrors (0ms)
			InitializePlatformSupportModulesInManaged (1904ms)
			SetLoadedEditorAssemblies (14ms)
			RefreshPlugins (0ms)
			BeforeProcessingInitializeOnLoad (9ms)
			ProcessInitializeOnLoadAttributes (562ms)
			ProcessInitializeOnLoadMethodAttributes (136ms)
			AfterProcessingInitializeOnLoad (0ms)
			EditorAssembliesLoaded (0ms)
		ExecutionOrderSort2 (0ms)
		AwakeInstancesAfterBackupRestoration (0ms)
========================================================================
Worker process is ready to serve import requests
Begin MonoManager ReloadAssembly
Symbol file LoadedFromMemory doesn't match image C:\Users\midni\Documents\GitHub\Cosmic-Defense\new one\Library\PackageCache\com.unity.visualscripting@1.8.0\Editor\VisualScripting.Core\Dependencies\YamlDotNet\Unity.VisualScripting.YamlDotNet.dll
Symbol file LoadedFromMemory doesn't match image C:\Users\midni\Documents\GitHub\Cosmic-Defense\new one\Library\PackageCache\com.unity.visualscripting@1.8.0\Editor\VisualScripting.Core\Dependencies\DotNetZip\Unity.VisualScripting.IonicZip.dll
- Loaded All Assemblies, in  2.540 seconds
Refreshing native plugins compatible for Editor in 11.44 ms, found 3 plugins.
Native extension for WindowsStandalone target not found
Native extension for Android target not found
Native extension for WebGL target not found
Mono: successfully reloaded assembly
- Finished resetting the current domain, in  2.176 seconds
Domain Reload Profiling: 4698ms
	BeginReloadAssembly (391ms)
		ExecutionOrderSort (0ms)
		DisableScriptedObjects (16ms)
		BackupInstance (0ms)
		ReleaseScriptingObjects (0ms)
		CreateAndSetChildDomain (79ms)
	RebuildCommonClasses (95ms)
	RebuildNativeTypeToScriptingClass (32ms)
	initialDomainReloadingComplete (148ms)
	LoadAllAssembliesAndSetupDomain (1855ms)
		LoadAssemblies (803ms)
		RebuildTransferFunctionScriptingTraits (0ms)
		AnalyzeDomain (1233ms)
			TypeCache.Refresh (1138ms)
				TypeCache.ScanAssembly (1077ms)
			ScanForSourceGeneratedMonoScriptInfo (66ms)
			ResolveRequiredComponents (29ms)
	FinalizeReload (2178ms)
		ReleaseScriptCaches (0ms)
		RebuildScriptCaches (0ms)
		SetupLoadedEditorAssemblies (1526ms)
			LogAssemblyErrors (0ms)
			InitializePlatformSupportModulesInManaged (98ms)
			SetLoadedEditorAssemblies (8ms)
			RefreshPlugins (0ms)
			BeforeProcessingInitializeOnLoad (239ms)
			ProcessInitializeOnLoadAttributes (925ms)
			ProcessInitializeOnLoadMethodAttributes (233ms)
			AfterProcessingInitializeOnLoad (22ms)
			EditorAssembliesLoaded (0ms)
		ExecutionOrderSort2 (0ms)
		AwakeInstancesAfterBackupRestoration (17ms)
Shader Hidden/ProbeVolume/VoxelizeScene is not supported: GPU does not support conservative rasterization
Launched and connected shader compiler UnityShaderCompiler.exe after 0.15 seconds
Refreshing native plugins compatible for Editor in 15.85 ms, found 3 plugins.
Preloading 0 native plugins for Editor in 0.00 ms.
Unloading 4917 Unused Serialized files (Serialized files now loaded: 0)
Unloading 64 unused Assets / (349.4 KB). Loaded Objects now: 5385.
Memory consumption went from 201.7 MB to 201.3 MB.
Total: 17.447300 ms (FindLiveObjects: 4.990300 ms CreateObjectMapping: 0.816200 ms MarkObjects: 11.014400 ms  DeleteObjects: 0.624500 ms)

AssetImportParameters requested are different than current active one (requested -> active):
  custom:container-demuxer-ogg: 62fdf1f143b41e24485cea50d1cbac27 -> 
  custom:video-decoder-ogg-theora: a1e56fd34408186e4bbccfd4996cb3dc -> 
  custom:framework-win-MediaFoundation: 216162199b28c13a410421893ffa2e32 -> 
  custom:container-demuxer-webm: 4f35f7cbe854078d1ac9338744f61a02 -> 
  custom:container-muxer-webm: aa71ff27fc2769a1b78a27578f13a17b -> 
  custom:video-decoder-webm-vp8: 9c59270c3fd7afecdb556c50c9e8de78 -> 
  custom:AudioImporter_EditorPlatform: d09bf68614088b80899f8185d706f6e7 -> 
  custom:video-encoder-webm-vp8: eb34c28f22e8b96e1ab97ce403110664 -> 
  custom:audio-decoder-ogg-vorbis: bf7c407c2cedff20999df2af8eb42d56 -> 
  custom:audio-encoder-webm-vorbis: bf7c407c2cedff20999df2af8eb42d56 -> 
========================================================================
Received Import Request.
  Time since last request: 331177.021079 seconds.
  path: Assets/Assets2
  artifactKey: Guid(1e1197d676ca55c419a63a8f4e45050c) Importer(815301076,1909f56bfc062723c751e8b465ee728b)
Start importing Assets/Assets2 using Guid(1e1197d676ca55c419a63a8f4e45050c) Importer(815301076,1909f56bfc062723c751e8b465ee728b)  -> (artifact id: 'd78a5f6705ed315b6b3f6d4a54a44988') in 0.015460 seconds
Number of updated asset objects reloaded before import = 0
Number of asset objects unloaded after import = 0
========================================================================
Received Import Request.
  Time since last request: 0.000049 seconds.
  path: Assets/Assets2/ErbGameArt
  artifactKey: Guid(c4b416c9d1f23724f98881160f8a9000) Importer(815301076,1909f56bfc062723c751e8b465ee728b)
Start importing Assets/Assets2/ErbGameArt using Guid(c4b416c9d1f23724f98881160f8a9000) Importer(815301076,1909f56bfc062723c751e8b465ee728b)  -> (artifact id: 'a7329641538c9191e4a00369842aee6f') in 0.001429 seconds
Number of updated asset objects reloaded before import = 0
Number of asset objects unloaded after import = 0
========================================================================
Received Import Request.
  Time since last request: 0.000026 seconds.
  path: Assets/Assets2/LowPolyEarth
  artifactKey: Guid(651933320b6ca084a842b59e5b25b258) Importer(815301076,1909f56bfc062723c751e8b465ee728b)
Start importing Assets/Assets2/LowPolyEarth using Guid(651933320b6ca084a842b59e5b25b258) Importer(815301076,1909f56bfc062723c751e8b465ee728b)  -> (artifact id: '24b855c524dd91a73e2eb88670bff461') in 0.001547 seconds
Number of updated asset objects reloaded before import = 0
Number of asset objects unloaded after import = 0
========================================================================
Received Import Request.
  Time since last request: 0.000060 seconds.
  path: Assets/Assets2/DefendersPrefab
  artifactKey: Guid(9d06010f06059bb4dbdf3f4667d734ca) Importer(815301076,1909f56bfc062723c751e8b465ee728b)
Start importing Assets/Assets2/DefendersPrefab using Guid(9d06010f06059bb4dbdf3f4667d734ca) Importer(815301076,1909f56bfc062723c751e8b465ee728b)  -> (artifact id: '6feaa4102dc2732edb8f66a51e246878') in 0.000748 seconds
Number of updated asset objects reloaded before import = 0
Number of asset objects unloaded after import = 0
========================================================================
Received Import Request.
  Time since last request: 4.429910 seconds.
  path: Assets/Assets2/MyMaterials
  artifactKey: Guid(a3444d2f273ab99489784fd191680559) Importer(815301076,1909f56bfc062723c751e8b465ee728b)
Start importing Assets/Assets2/MyMaterials using Guid(a3444d2f273ab99489784fd191680559) Importer(815301076,1909f56bfc062723c751e8b465ee728b)  -> (artifact id: 'bb5925d0c7ffba5b49f547681dcce02b') in 0.000946 seconds
Number of updated asset objects reloaded before import = 0
Number of asset objects unloaded after import = 0
========================================================================
Received Import Request.
  Time since last request: 0.991343 seconds.
  path: Assets/Assets2/MyMaterials/LaserMaterials
  artifactKey: Guid(05761c3f7fae6b045879b078228dedd9) Importer(815301076,1909f56bfc062723c751e8b465ee728b)
Start importing Assets/Assets2/MyMaterials/LaserMaterials using Guid(05761c3f7fae6b045879b078228dedd9) Importer(815301076,1909f56bfc062723c751e8b465ee728b)  -> (artifact id: '4cfba6b00abe88ceede6a66dbb3f08e5') in 0.000658 seconds
Number of updated asset objects reloaded before import = 0
Number of asset objects unloaded after import = 0
========================================================================
Received Import Request.
  Time since last request: 0.513085 seconds.
  path: Assets/Assets2/MyMaterials/GravityLauncherMaterials
  artifactKey: Guid(8715aad2c8e81ca4bba66b103cafb035) Importer(815301076,1909f56bfc062723c751e8b465ee728b)
Start importing Assets/Assets2/MyMaterials/GravityLauncherMaterials using Guid(8715aad2c8e81ca4bba66b103cafb035) Importer(815301076,1909f56bfc062723c751e8b465ee728b)  -> (artifact id: '15bb299d60f62a046d2fa93da693aa9e') in 0.001468 seconds
Number of updated asset objects reloaded before import = 0
Number of asset objects unloaded after import = 0
========================================================================
Received Import Request.
  Time since last request: 0.287334 seconds.
  path: Assets/Assets2/MyMaterials/ExplosionMaterial
  artifactKey: Guid(ba783c3ba4fe3294c8d58926100f7210) Importer(815301076,1909f56bfc062723c751e8b465ee728b)
Start importing Assets/Assets2/MyMaterials/ExplosionMaterial using Guid(ba783c3ba4fe3294c8d58926100f7210) Importer(815301076,1909f56bfc062723c751e8b465ee728b)  -> (artifact id: '2078db38c63f485d0180528f055d01d6') in 0.001398 seconds
Number of updated asset objects reloaded before import = 0
Number of asset objects unloaded after import = 0
========================================================================
Received Import Request.
  Time since last request: 0.588129 seconds.
  path: Assets/Assets2/MyMaterials/GreenShipMaterials
  artifactKey: Guid(7d8f078c7861fbd4fbc98f124c589402) Importer(815301076,1909f56bfc062723c751e8b465ee728b)
Start importing Assets/Assets2/MyMaterials/GreenShipMaterials using Guid(7d8f078c7861fbd4fbc98f124c589402) Importer(815301076,1909f56bfc062723c751e8b465ee728b)  -> (artifact id: '497063dc400f65534b389e6fa4c058ec') in 0.001153 seconds
Number of updated asset objects reloaded before import = 0
Number of asset objects unloaded after import = 0
========================================================================
Received Import Request.
  Time since last request: 0.822329 seconds.
  path: Assets/Assets2/MyMaterials/Missile
  artifactKey: Guid(100b7133628de644f85b9ea95f8aa11d) Importer(815301076,1909f56bfc062723c751e8b465ee728b)
Start importing Assets/Assets2/MyMaterials/Missile using Guid(100b7133628de644f85b9ea95f8aa11d) Importer(815301076,1909f56bfc062723c751e8b465ee728b)  -> (artifact id: '657812fe4fd11de09241b9510c07a19c') in 0.000847 seconds
Number of updated asset objects reloaded before import = 0
Number of asset objects unloaded after import = 0
========================================================================
Received Import Request.
  Time since last request: 0.257075 seconds.
  path: Assets/Assets2/MyMaterials/MissileMaterials
  artifactKey: Guid(2283932f76e38f14fbf8e03c23a7cd9e) Importer(815301076,1909f56bfc062723c751e8b465ee728b)
Start importing Assets/Assets2/MyMaterials/MissileMaterials using Guid(2283932f76e38f14fbf8e03c23a7cd9e) Importer(815301076,1909f56bfc062723c751e8b465ee728b)  -> (artifact id: '2ebe687f024e47b217c6e3f20fb38d4e') in 0.001086 seconds
Number of updated asset objects reloaded before import = 0
Number of asset objects unloaded after import = 0
========================================================================
Received Import Request.
  Time since last request: 0.381112 seconds.
  path: Assets/Assets2/MyMaterials/PlasmaLauncher
  artifactKey: Guid(536c901793028504db1791702b76040d) Importer(815301076,1909f56bfc062723c751e8b465ee728b)
Start importing Assets/Assets2/MyMaterials/PlasmaLauncher using Guid(536c901793028504db1791702b76040d) Importer(815301076,1909f56bfc062723c751e8b465ee728b)  -> (artifact id: '0da05baff2fecb931ca809db0efccdb4') in 0.000718 seconds
Number of updated asset objects reloaded before import = 0
Number of asset objects unloaded after import = 0
========================================================================
Received Import Request.
  Time since last request: 7.993301 seconds.
  path: Assets/Assets2/MyMaterials/MegaLaserMaterials
  artifactKey: Guid(211e88bcaadf6124a9468bbdec9257e9) Importer(815301076,1909f56bfc062723c751e8b465ee728b)
Start importing Assets/Assets2/MyMaterials/MegaLaserMaterials using Guid(211e88bcaadf6124a9468bbdec9257e9) Importer(815301076,1909f56bfc062723c751e8b465ee728b)  -> (artifact id: '4a06800dc3bbe3b645690bb76730a60d') in 0.000700 seconds
Number of updated asset objects reloaded before import = 0
Number of asset objects unloaded after import = 0
========================================================================
Received Import Request.
  Time since last request: 16.430611 seconds.
  path: Assets/Assets2/MyPrefabs
  artifactKey: Guid(ddb1af28b9b40744b9063df26c86b409) Importer(815301076,1909f56bfc062723c751e8b465ee728b)
Start importing Assets/Assets2/MyPrefabs using Guid(ddb1af28b9b40744b9063df26c86b409) Importer(815301076,1909f56bfc062723c751e8b465ee728b)  -> (artifact id: '4e2342aaba7672cecea4ff6a81fdf276') in 0.001316 seconds
Number of updated asset objects reloaded before import = 0
Number of asset objects unloaded after import = 0
========================================================================
Received Import Request.
  Time since last request: 6.991720 seconds.
  path: Assets/Assets2/MyPrefabs/BulletPrefab (1).prefab
  artifactKey: Guid(d9b7bafc401be8147abd867b7dc97e3d) Importer(815301076,1909f56bfc062723c751e8b465ee728b)
Start importing Assets/Assets2/MyPrefabs/BulletPrefab (1).prefab using Guid(d9b7bafc401be8147abd867b7dc97e3d) Importer(815301076,1909f56bfc062723c751e8b465ee728b)  -> (artifact id: '33dbec1aa8afb8e161fd0377d8329f67') in 0.012475 seconds
Number of updated asset objects reloaded before import = 0
Number of asset objects unloaded after import = 10
========================================================================
Received Import Request.
  Time since last request: 17.060321 seconds.
  path: Assets/Assets2/MyPrefabs/Electric.prefab
  artifactKey: Guid(b5185152645d61041ab1a6835ff8b269) Importer(815301076,1909f56bfc062723c751e8b465ee728b)
Start importing Assets/Assets2/MyPrefabs/Electric.prefab using Guid(b5185152645d61041ab1a6835ff8b269) Importer(815301076,1909f56bfc062723c751e8b465ee728b)  -> (artifact id: '2959e1fec9008eca4d23309cd9179b75') in 0.002361 seconds
Number of updated asset objects reloaded before import = 0
Number of asset objects unloaded after import = 5
========================================================================
Received Import Request.
  Time since last request: 0.597825 seconds.
  path: Assets/Assets2/MyPrefabs/Electricity.prefab
  artifactKey: Guid(6205cd942268bce4daa3f31f8a6cd6b3) Importer(815301076,1909f56bfc062723c751e8b465ee728b)
Start importing Assets/Assets2/MyPrefabs/Electricity.prefab using Guid(6205cd942268bce4daa3f31f8a6cd6b3) Importer(815301076,1909f56bfc062723c751e8b465ee728b)  -> (artifact id: '2cffb211e909821f6c1a6c18e095028c') in 0.002407 seconds
Number of updated asset objects reloaded before import = 0
Number of asset objects unloaded after import = 6
========================================================================
Received Import Request.
  Time since last request: 1.196393 seconds.
  path: Assets/Assets2/MyPrefabs/Electricity 1.prefab
  artifactKey: Guid(9b32274430c936a43820f69a51f12366) Importer(815301076,1909f56bfc062723c751e8b465ee728b)
Start importing Assets/Assets2/MyPrefabs/Electricity 1.prefab using Guid(9b32274430c936a43820f69a51f12366) Importer(815301076,1909f56bfc062723c751e8b465ee728b)  -> (artifact id: '02a2fa6b9fa7e0bbdf85b941ad2ac04b') in 0.002626 seconds
Number of updated asset objects reloaded before import = 0
Number of asset objects unloaded after import = 5
========================================================================
Received Import Request.
  Time since last request: 1.136412 seconds.
  path: Assets/Assets2/MyPrefabs/ExplosionBase.prefab
  artifactKey: Guid(f4816d1c2ae4f5f41ab52d19564c586e) Importer(815301076,1909f56bfc062723c751e8b465ee728b)
Start importing Assets/Assets2/MyPrefabs/ExplosionBase.prefab using Guid(f4816d1c2ae4f5f41ab52d19564c586e) Importer(815301076,1909f56bfc062723c751e8b465ee728b)  -> (artifact id: '3523e1f91a7d5cb521a7bf16a597ab37') in 0.003397 seconds
Number of updated asset objects reloaded before import = 0
Number of asset objects unloaded after import = 5
========================================================================
Received Import Request.
  Time since last request: 7.050652 seconds.
  path: Assets/Assets2/MyPrefabs/GravityBall.prefab
  artifactKey: Guid(e4c3b4c3127df8a4ca848e31ac19d528) Importer(815301076,1909f56bfc062723c751e8b465ee728b)
Start importing Assets/Assets2/MyPrefabs/GravityBall.prefab using Guid(e4c3b4c3127df8a4ca848e31ac19d528) Importer(815301076,1909f56bfc062723c751e8b465ee728b)  -> (artifact id: '93c6040272c8d4e567385fa90f96f9c8') in 0.017938 seconds
Number of updated asset objects reloaded before import = 0
Number of asset objects unloaded after import = 16
========================================================================
Received Import Request.
  Time since last request: 5.807216 seconds.
  path: Assets/Assets2/MyPrefabs/GravityVisual.prefab
  artifactKey: Guid(53d8f09df21b4a540b820e57a2cc8f29) Importer(815301076,1909f56bfc062723c751e8b465ee728b)
Start importing Assets/Assets2/MyPrefabs/GravityVisual.prefab using Guid(53d8f09df21b4a540b820e57a2cc8f29) Importer(815301076,1909f56bfc062723c751e8b465ee728b)  -> (artifact id: 'e94746beac0842f94c750dfd2c8b1c99') in 0.001775 seconds
Number of updated asset objects reloaded before import = 0
Number of asset objects unloaded after import = 7
========================================================================
Received Import Request.
  Time since last request: 0.515354 seconds.
  path: Assets/Assets2/MyPrefabs/LaserBullet.prefab
  artifactKey: Guid(e93a33e07b78ad141877601149bf1798) Importer(815301076,1909f56bfc062723c751e8b465ee728b)
Start importing Assets/Assets2/MyPrefabs/LaserBullet.prefab using Guid(e93a33e07b78ad141877601149bf1798) Importer(815301076,1909f56bfc062723c751e8b465ee728b)  -> (artifact id: 'b2264550ce161bdfdc0b755718fb3fd2') in 0.003038 seconds
Number of updated asset objects reloaded before import = 0
Number of asset objects unloaded after import = 8
========================================================================
Received Import Request.
  Time since last request: 2.153751 seconds.
  path: Assets/Assets2/MyPrefabs/MissilePrefab.prefab
  artifactKey: Guid(f502bcd4d3c76884c85f366932fa31b6) Importer(815301076,1909f56bfc062723c751e8b465ee728b)
Start importing Assets/Assets2/MyPrefabs/MissilePrefab.prefab using Guid(f502bcd4d3c76884c85f366932fa31b6) Importer(815301076,1909f56bfc062723c751e8b465ee728b)  -> (artifact id: '57d05ff4b0854793542c043e3d349581') in 0.002512 seconds
Number of updated asset objects reloaded before import = 0
Number of asset objects unloaded after import = 10
========================================================================
Received Import Request.
  Time since last request: 0.725380 seconds.
  path: Assets/Assets2/MyPrefabs/Node.prefab
  artifactKey: Guid(2b4052078433adb4c8ff05e9f5f51fa3) Importer(815301076,1909f56bfc062723c751e8b465ee728b)
Start importing Assets/Assets2/MyPrefabs/Node.prefab using Guid(2b4052078433adb4c8ff05e9f5f51fa3) Importer(815301076,1909f56bfc062723c751e8b465ee728b)  -> (artifact id: '1efb21c8983ca1a4668364d03df2aaa8') in 0.007881 seconds
Number of updated asset objects reloaded before import = 0
Number of asset objects unloaded after import = 7
========================================================================
Received Import Request.
  Time since last request: 9.869803 seconds.
  path: Assets/Assets2/MyPrefabs/Defenders
  artifactKey: Guid(a4d27964cfae5474a804322bd2b96c92) Importer(815301076,1909f56bfc062723c751e8b465ee728b)
Start importing Assets/Assets2/MyPrefabs/Defenders using Guid(a4d27964cfae5474a804322bd2b96c92) Importer(815301076,1909f56bfc062723c751e8b465ee728b)  -> (artifact id: '61ca0ca2d1c5a87cb6dee0be6d525a0c') in 0.000996 seconds
Number of updated asset objects reloaded before import = 0
Number of asset objects unloaded after import = 0
========================================================================
Received Import Request.
  Time since last request: 2.401366 seconds.
  path: Assets/Assets2/MyPrefabs/Defenders/new one.prefab
  artifactKey: Guid(08f140c1aed0ffd42bb14db42e82948b) Importer(815301076,1909f56bfc062723c751e8b465ee728b)
Start importing Assets/Assets2/MyPrefabs/Defenders/new one.prefab using Guid(08f140c1aed0ffd42bb14db42e82948b) Importer(815301076,1909f56bfc062723c751e8b465ee728b)  -> (artifact id: '4efdd8897d03c8cf32f31dcec32cb2d8') in 0.007445 seconds
Number of updated asset objects reloaded before import = 0
Number of asset objects unloaded after import = 29
========================================================================
Received Import Request.
  Time since last request: 0.682257 seconds.
  path: Assets/Assets2/MyPrefabs/Defenders/MegaLaserPrefab 3 1 1.prefab
  artifactKey: Guid(a4707bda9d058f14c8bdce13e0af517a) Importer(815301076,1909f56bfc062723c751e8b465ee728b)
Start importing Assets/Assets2/MyPrefabs/Defenders/MegaLaserPrefab 3 1 1.prefab using Guid(a4707bda9d058f14c8bdce13e0af517a) Importer(815301076,1909f56bfc062723c751e8b465ee728b)  -> (artifact id: '905204d8cc83a8945aeb014ec4d3cd4b') in 0.008231 seconds
Number of updated asset objects reloaded before import = 0
Number of asset objects unloaded after import = 25
========================================================================
Received Import Request.
  Time since last request: 1.365467 seconds.
  path: Assets/Assets2/MyPrefabs/Defenders/MegaLaserPrefab 3.prefab
  artifactKey: Guid(7a8dd664fdee3c441b952878cf2bab8d) Importer(815301076,1909f56bfc062723c751e8b465ee728b)
Start importing Assets/Assets2/MyPrefabs/Defenders/MegaLaserPrefab 3.prefab using Guid(7a8dd664fdee3c441b952878cf2bab8d) Importer(815301076,1909f56bfc062723c751e8b465ee728b)  -> (artifact id: 'c51fb547f019e86d1b0c8f79d9e230c8') in 0.004125 seconds
Number of updated asset objects reloaded before import = 0
Number of asset objects unloaded after import = 24
========================================================================
Received Import Request.
  Time since last request: 0.404151 seconds.
  path: Assets/Assets2/MyPrefabs/Defenders/MegaLaserPrefab 2.prefab
  artifactKey: Guid(83c298e7eabd8c14989dc101425fb51f) Importer(815301076,1909f56bfc062723c751e8b465ee728b)
Start importing Assets/Assets2/MyPrefabs/Defenders/MegaLaserPrefab 2.prefab using Guid(83c298e7eabd8c14989dc101425fb51f) Importer(815301076,1909f56bfc062723c751e8b465ee728b)  -> (artifact id: 'b9ce3803319dbdf93fcd1ca84ad3b183') in 0.006009 seconds
Number of updated asset objects reloaded before import = 0
Number of asset objects unloaded after import = 25
========================================================================
Received Import Request.
  Time since last request: 12.532288 seconds.
  path: Assets/Assets2/MyPrefabs/Defenders/PlasmaLauncher.prefab
  artifactKey: Guid(08f140c1aed0ffd42bb14db42e82948b) Importer(815301076,1909f56bfc062723c751e8b465ee728b)
Start importing Assets/Assets2/MyPrefabs/Defenders/PlasmaLauncher.prefab using Guid(08f140c1aed0ffd42bb14db42e82948b) Importer(815301076,1909f56bfc062723c751e8b465ee728b)  -> (artifact id: '4c2b844d644ad13e0023882c53e9435f') in 0.004240 seconds
Number of updated asset objects reloaded before import = 0
Number of asset objects unloaded after import = 29
========================================================================
Received Import Request.
  Time since last request: 1.264094 seconds.
  path: Assets/Assets2/MyPrefabs/Defenders/missileLauncher.prefab
  artifactKey: Guid(4684c3f442f4f5044994e655a411bca2) Importer(815301076,1909f56bfc062723c751e8b465ee728b)
Start importing Assets/Assets2/MyPrefabs/Defenders/missileLauncher.prefab using Guid(4684c3f442f4f5044994e655a411bca2) Importer(815301076,1909f56bfc062723c751e8b465ee728b)  -> (artifact id: 'ca2caf4bfeef10948f85fe58aa2d5848') in 0.017323 seconds
Number of updated asset objects reloaded before import = 0
Number of asset objects unloaded after import = 28
========================================================================
Received Import Request.
  Time since last request: 1.610909 seconds.
  path: Assets/Assets2/MyPrefabs/Defenders/main.prefab
  artifactKey: Guid(b36c01cfd9e8c0947b90bb076eb0c869) Importer(815301076,1909f56bfc062723c751e8b465ee728b)
Start importing Assets/Assets2/MyPrefabs/Defenders/main.prefab using Guid(b36c01cfd9e8c0947b90bb076eb0c869) Importer(815301076,1909f56bfc062723c751e8b465ee728b)  -> (artifact id: '2d847a214c5caff18b1f7e9a20ee0fda') in 0.001592 seconds
Number of updated asset objects reloaded before import = 0
Number of asset objects unloaded after import = 4
========================================================================
Received Import Request.
  Time since last request: 2.736758 seconds.
  path: Assets/Assets2/MyPrefabs/Defenders/Line 1.prefab
  artifactKey: Guid(ce68ecde14c23744a909ae10464b1a31) Importer(815301076,1909f56bfc062723c751e8b465ee728b)
Start importing Assets/Assets2/MyPrefabs/Defenders/Line 1.prefab using Guid(ce68ecde14c23744a909ae10464b1a31) Importer(815301076,1909f56bfc062723c751e8b465ee728b)  -> (artifact id: '63a4599d3f0478401c813e613e4e2f5c') in 0.001388 seconds
Number of updated asset objects reloaded before import = 0
Number of asset objects unloaded after import = 4
========================================================================
Received Import Request.
  Time since last request: 0.551047 seconds.
  path: Assets/Assets2/MyPrefabs/Defenders/laserTower.prefab
  artifactKey: Guid(2f1f48a0005b67343984c58617f409da) Importer(815301076,1909f56bfc062723c751e8b465ee728b)
Start importing Assets/Assets2/MyPrefabs/Defenders/laserTower.prefab using Guid(2f1f48a0005b67343984c58617f409da) Importer(815301076,1909f56bfc062723c751e8b465ee728b)  -> (artifact id: 'be2b202a71b77ba0b21ab08635b855ef') in 0.010818 seconds
Number of updated asset objects reloaded before import = 0
Number of asset objects unloaded after import = 38
========================================================================
Received Import Request.
  Time since last request: 2.457369 seconds.
  path: Assets/Assets2/MyPrefabs/Defenders/Turret (1) 1.prefab
  artifactKey: Guid(bbde60afed19ef34790464e3c43a5fdb) Importer(815301076,1909f56bfc062723c751e8b465ee728b)
Start importing Assets/Assets2/MyPrefabs/Defenders/Turret (1) 1.prefab using Guid(bbde60afed19ef34790464e3c43a5fdb) Importer(815301076,1909f56bfc062723c751e8b465ee728b)  -> (artifact id: 'd6f0f36a0677009ded8dc940333bafd1') in 0.020814 seconds
Number of updated asset objects reloaded before import = 0
Number of asset objects unloaded after import = 58
========================================================================
Received Import Request.
  Time since last request: 9.425951 seconds.
  path: Assets/Assets2/MyPrefabs/Defenders/GravityLauncher.prefab
  artifactKey: Guid(d304e447fe0c82349b10a4a019b038ff) Importer(815301076,1909f56bfc062723c751e8b465ee728b)
Start importing Assets/Assets2/MyPrefabs/Defenders/GravityLauncher.prefab using Guid(d304e447fe0c82349b10a4a019b038ff) Importer(815301076,1909f56bfc062723c751e8b465ee728b)  -> (artifact id: '7e78faed64bbc5c3d81e35fe053d6ba4') in 0.007248 seconds
Number of updated asset objects reloaded before import = 0
Number of asset objects unloaded after import = 27
========================================================================
Received Import Request.
  Time since last request: 3.186795 seconds.
  path: Assets/Assets2/MyPrefabs/ParticleEffects
  artifactKey: Guid(752dd7bf021691b45a83f9011c36492d) Importer(815301076,1909f56bfc062723c751e8b465ee728b)
Start importing Assets/Assets2/MyPrefabs/ParticleEffects using Guid(752dd7bf021691b45a83f9011c36492d) Importer(815301076,1909f56bfc062723c751e8b465ee728b)  -> (artifact id: '5d803e046acd0b640a46d338bf4c5002') in 0.001079 seconds
Number of updated asset objects reloaded before import = 0
Number of asset objects unloaded after import = 0
========================================================================
Received Import Request.
  Time since last request: 1.576059 seconds.
  path: Assets/Assets2/MyPrefabs/ParticleEffects/Electricity.prefab
  artifactKey: Guid(c483885c317edc743a5ad14e0a9ca1a2) Importer(815301076,1909f56bfc062723c751e8b465ee728b)
Start importing Assets/Assets2/MyPrefabs/ParticleEffects/Electricity.prefab using Guid(c483885c317edc743a5ad14e0a9ca1a2) Importer(815301076,1909f56bfc062723c751e8b465ee728b)  -> (artifact id: '7308e3634cfe946c859f64cb51837f1c') in 0.004245 seconds
Number of updated asset objects reloaded before import = 0
Number of asset objects unloaded after import = 5
========================================================================
Received Import Request.
  Time since last request: 2.226616 seconds.
  path: Assets/Assets2/MyPrefabs/ParticleEffects/PlasmaBall.prefab
  artifactKey: Guid(92e97c0b4498be14aa247e6ede62bc68) Importer(815301076,1909f56bfc062723c751e8b465ee728b)
Start importing Assets/Assets2/MyPrefabs/ParticleEffects/PlasmaBall.prefab using Guid(92e97c0b4498be14aa247e6ede62bc68) Importer(815301076,1909f56bfc062723c751e8b465ee728b)  -> (artifact id: '9c3dbd612b3cf5bb89f3a6e43cfbdb96') in 0.008566 seconds
Number of updated asset objects reloaded before import = 0
Number of asset objects unloaded after import = 11
========================================================================
Received Import Request.
  Time since last request: 8.345529 seconds.
  path: Assets/Assets2/Script
  artifactKey: Guid(c6a1d388a99abe24fb93f1eb5f792101) Importer(815301076,1909f56bfc062723c751e8b465ee728b)
Start importing Assets/Assets2/Script using Guid(c6a1d388a99abe24fb93f1eb5f792101) Importer(815301076,1909f56bfc062723c751e8b465ee728b)  -> (artifact id: 'cfe48f6c11e7baba1d17dbd7c064a922') in 0.001710 seconds
Number of updated asset objects reloaded before import = 0
Number of asset objects unloaded after import = 0
========================================================================
Received Import Request.
  Time since last request: 5.951836 seconds.
  path: Assets/Assets2/Script/EnemyManager.cs
  artifactKey: Guid(580fb01c47fc13b4d982df9b5d372d63) Importer(815301076,1909f56bfc062723c751e8b465ee728b)
Start importing Assets/Assets2/Script/EnemyManager.cs using Guid(580fb01c47fc13b4d982df9b5d372d63) Importer(815301076,1909f56bfc062723c751e8b465ee728b)  -> (artifact id: 'd9743f86af405df93b923555c63f435e') in 0.001998 seconds
Number of updated asset objects reloaded before import = 0
Number of asset objects unloaded after import = 0
